<?xml version="1.0" encoding="UTF-8"?>
<!-- Generated by org.testng.reporters.JUnitXMLReporter -->
<testsuite ignored="3" hostname="Subhadip" failures="0" tests="1" name="CustomTestModule" time="0.046" errors="0" timestamp="2024-12-18T13:57:28 IST">
  <testcase classname="ExecutingSpecificMethodsInsideClass.loginTests" name="loginViaSSHKey" time="0.012"/>
  <testcase classname="ExecutingSpecificMethodsInsideClass.loginTests" name="loginViaFacebook" time="0.0">
    <ignored/>
  </testcase> <!-- loginViaFacebook -->
  <testcase classname="ExecutingSpecificMethodsInsideClass.loginTests" name="loginViaX" time="0.0">
    <ignored/>
  </testcase> <!-- loginViaX -->
  <testcase classname="ExecutingSpecificMethodsInsideClass.loginTests" name="loginViaEmail" time="0.0">
    <ignored/>
  </testcase> <!-- loginViaEmail -->
</testsuite> <!-- CustomTestModule -->
