<?xml version="1.0" encoding="UTF-8"?>
<!-- Generated by org.testng.reporters.JUnitXMLReporter -->
<testsuite ignored="0" hostname="Subhadip" failures="1" tests="3" name="ChromeTest" time="16.016" errors="0" timestamp="2024-12-19T13:29:25 IST">
  <testcase classname="ParallelTestingUsingXML.Client" name="testLogo" time="2.635">
    <failure type="java.lang.AssertionError" message="expected [true] but found [false]">
      <![CDATA[java.lang.AssertionError: expected [true] but found [false]
at ParallelTestingUsingXML.Client.testLogo(Client.java:44)
at java.base/java.util.ArrayList.forEach(ArrayList.java:1597)
at java.base/java.util.concurrent.FutureTask.run(FutureTask.java:317)
at java.base/java.util.concurrent.ThreadPoolExecutor.runWorker(ThreadPoolExecutor.java:1144)
at java.base/java.util.concurrent.ThreadPoolExecutor$Worker.run(ThreadPoolExecutor.java:642)
at java.base/java.lang.Thread.run(Thread.java:1575)
... Removed 22 stack frames]]>
    </failure>
  </testcase> <!-- testLogo -->
  <testcase classname="ParallelTestingUsingXML.Client" name="testTitle" time="0.027"/>
  <testcase classname="ParallelTestingUsingXML.Client" name="testURL" time="0.029"/>
</testsuite> <!-- ChromeTest -->
