<?xml version="1.0" encoding="UTF-8"?>
<!-- Generated by org.testng.reporters.JUnitXMLReporter -->
<testsuite ignored="0" hostname="Subhadip" failures="0" tests="3" name="CustomTest1" time="9.471" errors="0" timestamp="2024-12-19T13:21:53 IST">
  <testcase classname="ParallelTestingUsingXML.Client" name="testLogo" time="2.132"/>
  <testcase classname="ParallelTestingUsingXML.Client" name="testTitle" time="0.028"/>
  <testcase classname="ParallelTestingUsingXML.Client" name="testURL" time="0.023"/>
</testsuite> <!-- CustomTest1 -->
