<?xml version="1.0" encoding="UTF-8"?>
<!-- Generated by org.testng.reporters.JUnitXMLReporter -->
<testsuite ignored="0" hostname="Subhadip" failures="0" tests="3" name="CustomTest2" time="9.278" errors="0" timestamp="2024-12-19T13:21:53 IST">
  <testcase classname="ParallelTestingUsingXML.Client" name="testLogo" time="2.061"/>
  <testcase classname="ParallelTestingUsingXML.Client" name="testTitle" time="0.02"/>
  <testcase classname="ParallelTestingUsingXML.Client" name="testURL" time="0.015"/>
</testsuite> <!-- CustomTest2 -->
