<?xml version="1.0" encoding="UTF-8"?>
<!-- Generated by org.testng.reporters.JUnitXMLReporter -->
<testsuite ignored="0" hostname="Subhadip" failures="0" tests="3" name="EdgeTest" time="12.436" errors="0" timestamp="2024-12-19T13:29:22 IST">
  <testcase classname="ParallelTestingUsingXML.Client" name="testLogo" time="2.177"/>
  <testcase classname="ParallelTestingUsingXML.Client" name="testTitle" time="0.036"/>
  <testcase classname="ParallelTestingUsingXML.Client" name="testURL" time="0.024"/>
</testsuite> <!-- EdgeTest -->
