<?xml version="1.0" encoding="UTF-8"?>
<testng-results ignored="0" total="4" passed="4" failed="0" skipped="0">
  <reporter-output>
  </reporter-output>
  <suite started-at="2025-04-17T10:56:17 IST" name="Default suite" finished-at="2025-04-17T10:56:18 IST" duration-ms="565">
    <groups>
    </groups>
    <test started-at="2025-04-17T10:56:17 IST" name="Default test" finished-at="2025-04-17T10:56:18 IST" duration-ms="565">
      <class name="TestCases.TestCase1">
        <test-method signature="getTestData(Pojo.SingleUser)[pri:0, instance:TestCases.TestCase1@12ed9db6]" started-at="2025-04-17T10:56:18 IST" name="getTestData" data-provider="testData" finished-at="2025-04-17T10:56:18 IST" duration-ms="8" status="PASS">
          <params>
            <param index="0">
              <value>
                <![CDATA[Pojo.SingleUser@2a037324]]>
              </value>
            </param>
          </params>
          <reporter-output>
          </reporter-output>
        </test-method> <!-- getTestData -->
        <test-method signature="getTestData(Pojo.SingleUser)[pri:0, instance:TestCases.TestCase1@12ed9db6]" started-at="2025-04-17T10:56:18 IST" name="getTestData" data-provider="testData" finished-at="2025-04-17T10:56:18 IST" duration-ms="2" status="PASS">
          <params>
            <param index="0">
              <value>
                <![CDATA[Pojo.SingleUser@a10c1b5]]>
              </value>
            </param>
          </params>
          <reporter-output>
          </reporter-output>
        </test-method> <!-- getTestData -->
        <test-method signature="getTestData(Pojo.SingleUser)[pri:0, instance:TestCases.TestCase1@12ed9db6]" started-at="2025-04-17T10:56:18 IST" name="getTestData" data-provider="testData" finished-at="2025-04-17T10:56:18 IST" duration-ms="1" status="PASS">
          <params>
            <param index="0">
              <value>
                <![CDATA[Pojo.SingleUser@1a411233]]>
              </value>
            </param>
          </params>
          <reporter-output>
          </reporter-output>
        </test-method> <!-- getTestData -->
        <test-method signature="getTestData(Pojo.SingleUser)[pri:0, instance:TestCases.TestCase1@12ed9db6]" started-at="2025-04-17T10:56:18 IST" name="getTestData" data-provider="testData" finished-at="2025-04-17T10:56:18 IST" duration-ms="1" status="PASS">
          <params>
            <param index="0">
              <value>
                <![CDATA[Pojo.SingleUser@7c2327fa]]>
              </value>
            </param>
          </params>
          <reporter-output>
          </reporter-output>
        </test-method> <!-- getTestData -->
      </class> <!-- TestCases.TestCase1 -->
    </test> <!-- Default test -->
  </suite> <!-- Default suite -->
</testng-results>
