<?xml version="1.0" encoding="UTF-8"?>
<testng-results ignored="0" total="4" passed="4" failed="0" skipped="0">
  <reporter-output>
  </reporter-output>
  <suite started-at="2024-11-16T22:49:01 IST" name="Default suite" finished-at="2024-11-16T22:49:13 IST" duration-ms="12060">
    <groups>
    </groups>
    <test started-at="2024-11-16T22:49:01 IST" name="Default test" finished-at="2024-11-16T22:49:13 IST" duration-ms="12060">
      <class name="testNGBasics_1.SeleniumTestNGCompilation">
        <test-method signature="openApplication()[pri:1, instance:testNGBasics_1.SeleniumTestNGCompilation@36bc55de]" started-at="2024-11-16T22:49:01 IST" name="openApplication" finished-at="2024-11-16T22:49:07 IST" duration-ms="6204" status="PASS">
          <reporter-output>
          </reporter-output>
        </test-method> <!-- openApplication -->
        <test-method signature="checkLogo()[pri:2, instance:testNGBasics_1.SeleniumTestNGCompilation@36bc55de]" started-at="2024-11-16T22:49:07 IST" name="checkLogo" finished-at="2024-11-16T22:49:08 IST" duration-ms="1227" status="PASS">
          <reporter-output>
          </reporter-output>
        </test-method> <!-- checkLogo -->
        <test-method signature="login()[pri:3, instance:testNGBasics_1.SeleniumTestNGCompilation@36bc55de]" started-at="2024-11-16T22:49:08 IST" name="login" finished-at="2024-11-16T22:49:10 IST" duration-ms="1887" status="PASS">
          <reporter-output>
          </reporter-output>
        </test-method> <!-- login -->
        <test-method signature="logout()[pri:4, instance:testNGBasics_1.SeleniumTestNGCompilation@36bc55de]" started-at="2024-11-16T22:49:10 IST" name="logout" finished-at="2024-11-16T22:49:13 IST" duration-ms="2685" status="PASS">
          <reporter-output>
          </reporter-output>
        </test-method> <!-- logout -->
      </class> <!-- testNGBasics_1.SeleniumTestNGCompilation -->
    </test> <!-- Default test -->
  </suite> <!-- Default suite -->
</testng-results>
