<?xml version="1.0" encoding="UTF-8"?>
<testng-results ignored="0" total="2" passed="2" failed="0" skipped="0">
  <reporter-output>
  </reporter-output>
  <suite started-at="2024-11-17T10:57:20 IST" name="Default suite" finished-at="2024-11-17T10:57:20 IST" duration-ms="44">
    <groups>
    </groups>
    <test started-at="2024-11-17T10:57:20 IST" name="Default test" finished-at="2024-11-17T10:57:20 IST" duration-ms="44">
      <class name="annotations_2.Before_After_Class">
        <test-method is-config="true" signature="login()[pri:0, instance:annotations_2.Before_After_Class@6aeb35e6]" started-at="2024-11-17T10:57:20 IST" name="login" finished-at="2024-11-17T10:57:20 IST" duration-ms="6" status="PASS">
          <reporter-output>
          </reporter-output>
        </test-method> <!-- login -->
        <test-method signature="search()[pri:1, instance:annotations_2.Before_After_Class@6aeb35e6]" started-at="2024-11-17T10:57:20 IST" name="search" finished-at="2024-11-17T10:57:20 IST" duration-ms="8" status="PASS">
          <reporter-output>
          </reporter-output>
        </test-method> <!-- search -->
        <test-method signature="advanceSearch()[pri:2, instance:annotations_2.Before_After_Class@6aeb35e6]" started-at="2024-11-17T10:57:20 IST" name="advanceSearch" finished-at="2024-11-17T10:57:20 IST" duration-ms="2" status="PASS">
          <reporter-output>
          </reporter-output>
        </test-method> <!-- advanceSearch -->
        <test-method is-config="true" signature="logout()[pri:0, instance:annotations_2.Before_After_Class@6aeb35e6]" started-at="2024-11-17T10:57:20 IST" name="logout" finished-at="2024-11-17T10:57:20 IST" duration-ms="1" status="PASS">
          <reporter-output>
          </reporter-output>
        </test-method> <!-- logout -->
      </class> <!-- annotations_2.Before_After_Class -->
    </test> <!-- Default test -->
  </suite> <!-- Default suite -->
</testng-results>
