<?xml version="1.0" encoding="UTF-8"?>
<!-- Generated by org.testng.reporters.JUnitXMLReporter -->
<testsuite ignored="0" hostname="Subhadip" failures="0" tests="3" name="Default test" time="0.042" errors="0" timestamp="2024-11-16T21:25:03 IST">
  <testcase classname="testNGBasics.TestNGBasics" name="openApplication" time="0.01"/>
  <testcase classname="testNGBasics.TestNGBasics" name="login" time="0.001"/>
  <testcase classname="testNGBasics.TestNGBasics" name="logout" time="0.001"/>
</testsuite> <!-- Default test -->
