<?xml version="1.0" encoding="UTF-8"?>
<!-- Generated by org.testng.reporters.JUnitXMLReporter -->
<testsuite ignored="0" hostname="Subhadip" failures="0" tests="4" name="Default test" time="12.06" errors="0" timestamp="2024-11-16T22:49:13 IST">
  <testcase classname="testNGBasics_1.SeleniumTestNGCompilation" name="openApplication" time="6.204"/>
  <testcase classname="testNGBasics_1.SeleniumTestNGCompilation" name="checkLogo" time="1.227"/>
  <testcase classname="testNGBasics_1.SeleniumTestNGCompilation" name="login" time="1.887"/>
  <testcase classname="testNGBasics_1.SeleniumTestNGCompilation" name="logout" time="2.685"/>
</testsuite> <!-- Default test -->
