<?xml version="1.0" encoding="UTF-8"?>
<!-- Generated by org.testng.reporters.JUnitXMLReporter -->
<testsuite ignored="0" hostname="Subhadip" failures="0" tests="3" name="CustomTest2" time="7.487" errors="0" timestamp="2024-12-19T13:11:52 IST">
  <testcase classname="ParallelTestingUsingXML.Client" name="testLogo" time="2.057"/>
  <testcase classname="ParallelTestingUsingXML.Client" name="testTitle" time="0.015"/>
  <testcase classname="ParallelTestingUsingXML.Client" name="testURL" time="0.013"/>
</testsuite> <!-- CustomTest2 -->
