<?xml version="1.0" encoding="UTF-8"?>
<testng-results ignored="0" total="3" passed="3" failed="0" skipped="0">
  <reporter-output>
  </reporter-output>
  <suite started-at="2025-04-17T10:10:16 IST" name="Default suite" finished-at="2025-04-17T10:10:17 IST" duration-ms="108">
    <groups>
    </groups>
    <test started-at="2025-04-17T10:10:16 IST" name="Default test" finished-at="2025-04-17T10:10:17 IST" duration-ms="108">
      <class name="TestCases.Testcase1">
        <test-method signature="testCase1_JSONData(Pojo.SingleUser)[pri:0, instance:TestCases.Testcase1@2d1ef81a]" started-at="2025-04-17T10:10:16 IST" name="testCase1_JSONData" data-provider="testDummyUser" finished-at="2025-04-17T10:10:16 IST" duration-ms="8" status="PASS">
          <params>
            <param index="0">
              <value>
                <![CDATA[Pojo.SingleUser@28261e8e]]>
              </value>
            </param>
          </params>
          <reporter-output>
          </reporter-output>
        </test-method> <!-- testCase1_JSONData -->
        <test-method signature="testCase1_JSONData(Pojo.SingleUser)[pri:0, instance:TestCases.Testcase1@2d1ef81a]" started-at="2025-04-17T10:10:16 IST" name="testCase1_JSONData" data-provider="testDummyUser" finished-at="2025-04-17T10:10:16 IST" duration-ms="1" status="PASS">
          <params>
            <param index="0">
              <value>
                <![CDATA[Pojo.SingleUser@1a75e76a]]>
              </value>
            </param>
          </params>
          <reporter-output>
          </reporter-output>
        </test-method> <!-- testCase1_JSONData -->
        <test-method signature="testCase1_JSONData(Pojo.SingleUser)[pri:0, instance:TestCases.Testcase1@2d1ef81a]" started-at="2025-04-17T10:10:16 IST" name="testCase1_JSONData" data-provider="testDummyUser" finished-at="2025-04-17T10:10:16 IST" duration-ms="1" status="PASS">
          <params>
            <param index="0">
              <value>
                <![CDATA[Pojo.SingleUser@5032714f]]>
              </value>
            </param>
          </params>
          <reporter-output>
          </reporter-output>
        </test-method> <!-- testCase1_JSONData -->
      </class> <!-- TestCases.Testcase1 -->
    </test> <!-- Default test -->
  </suite> <!-- Default suite -->
</testng-results>
