<?xml version="1.0" encoding="UTF-8"?>
<!-- Generated by org.testng.reporters.JUnitXMLReporter -->
<testsuite ignored="0" hostname="Subhadip" failures="0" tests="7" name="functionalModule" time="12.129" errors="0" timestamp="2024-11-16T23:30:30 IST">
  <testcase classname="testNGBasics_1.SeleniumTestNGCompilation" name="openApplication" time="6.34"/>
  <testcase classname="testNGBasics_1.SeleniumTestNGCompilation" name="checkLogo" time="1.181"/>
  <testcase classname="testNGBasics_1.SeleniumTestNGCompilation" name="login" time="0.567"/>
  <testcase classname="testNGBasics_1.SeleniumTestNGCompilation" name="logout" time="3.968"/>
  <testcase classname="testNGBasics_1.TestNGBasics" name="openApplication" time="0.004"/>
  <testcase classname="testNGBasics_1.TestNGBasics" name="login" time="0.002"/>
  <testcase classname="testNGBasics_1.TestNGBasics" name="logout" time="0.003"/>
</testsuite> <!-- functionalModule -->
