<?xml version="1.0" encoding="UTF-8"?>
<!-- Generated by org.testng.reporters.JUnitXMLReporter -->
<testsuite ignored="6" hostname="Subhadip" failures="0" tests="2" name="groupModule" time="0.051" errors="0" timestamp="2024-11-18T14:20:31 IST">
  <testcase classname="grouping_3.Payment" name="payWithCard" time="0.014"/>
  <testcase classname="grouping_3.Payment" name="payWithUPI" time="0.001"/>
  <testcase classname="grouping_3.Register" name="registerTwitter" time="0.0">
    <ignored/>
  </testcase> <!-- registerTwitter -->
  <testcase classname="grouping_3.Register" name="registerEmail" time="0.0">
    <ignored/>
  </testcase> <!-- registerEmail -->
  <testcase classname="grouping_3.Login" name="loginFacebook" time="0.0">
    <ignored/>
  </testcase> <!-- loginFacebook -->
  <testcase classname="grouping_3.Register" name="registerFacebook" time="0.0">
    <ignored/>
  </testcase> <!-- registerFacebook -->
  <testcase classname="grouping_3.Login" name="loginEmail" time="0.0">
    <ignored/>
  </testcase> <!-- loginEmail -->
  <testcase classname="grouping_3.Login" name="loginTwitter" time="0.0">
    <ignored/>
  </testcase> <!-- loginTwitter -->
</testsuite> <!-- groupModule -->
