<?xml version="1.0" encoding="UTF-8"?>
<!-- Generated by org.testng.reporters.JUnitXMLReporter -->
<testsuite ignored="2" hostname="Subhadip" failures="0" tests="1" name="GroupingTest" time="4.75" errors="0" timestamp="2024-12-24T12:37:34 IST">
  <testcase classname="testCases.TC003_ValidUserLoginTest" name="validate_valid_user_credentials" time="1.212"/>
  <testcase classname="testCases.TC002_AccountRegistrationDiffPasswordTest" name="validate_incorrect_password_message" time="0.0">
    <ignored/>
  </testcase> <!-- validate_incorrect_password_message -->
  <testcase classname="testCases.TC001_AccountRegistrationTest" name="verfiy_account_registration" time="0.0">
    <ignored/>
  </testcase> <!-- verfiy_account_registration -->
</testsuite> <!-- GroupingTest -->
