<?xml version="1.0" encoding="UTF-8"?>
<!-- Generated by org.testng.reporters.JUnitXMLReporter -->
<testsuite ignored="0" hostname="Subhadip" failures="0" tests="3" name="CustomTest" time="15.561" errors="0" timestamp="2024-12-19T13:02:21 IST">
  <testcase classname="ParallelTestingUsingXML.Client" name="testLogo" time="2.11"/>
  <testcase classname="ParallelTestingUsingXML.Client" name="testTitle" time="0.032"/>
  <testcase classname="ParallelTestingUsingXML.Client" name="testURL" time="0.031"/>
</testsuite> <!-- CustomTest -->
