<?xml version="1.0" encoding="UTF-8"?>
<!-- Generated by org.testng.reporters.JUnitXMLReporter -->
<testsuite ignored="0" hostname="Subhadip" failures="1" tests="2" name="Test" time="23.165" errors="0" timestamp="2024-12-23T02:03:16 IST">
  <testcase classname="Practice.DummyClass" name="testing" time="14.239">
    <failure type="java.lang.AssertionError" message="null">
      <![CDATA[java.lang.AssertionError: null
at Practice.DummyClass.testing(DummyClass.java:80)
at java.base/java.util.ArrayList.forEach(ArrayList.java:1597)
... Removed 27 stack frames]]>
    </failure>
  </testcase> <!-- testing -->
  <testcase classname="Practice.DummyClass" name="testing" time="5.066"/>
</testsuite> <!-- Test -->
