<?xml version="1.0" encoding="UTF-8"?>
<!-- Generated by org.testng.reporters.JUnitXMLReporter -->
<testsuite ignored="0" hostname="Subhadip" failures="0" tests="7" name="Test" time="11.009" errors="0" timestamp="2024-12-10T19:02:15 IST">
  <testcase classname="TestAnnotation.OrangeHRMTest" name="openApp" time="4.991"/>
  <testcase classname="TestAnnotation.OrangeHRMTest" name="checkLogo" time="0.462"/>
  <testcase classname="TestAnnotation.OrangeHRMTest" name="login" time="1.351"/>
  <testcase classname="TestAnnotation.OrangeHRMTest" name="closeApp" time="4.16"/>
  <testcase classname="TestAnnotation.FirstTestCase" name="openApp" time="0.0"/>
  <testcase classname="TestAnnotation.FirstTestCase" name="loginApp" time="0.004"/>
  <testcase classname="TestAnnotation.FirstTestCase" name="logoutApp" time="0.0"/>
</testsuite> <!-- Test -->
