<?xml version="1.0" encoding="UTF-8"?>
<testng-results ignored="0" total="3" passed="3" failed="0" skipped="0">
  <reporter-output>
  </reporter-output>
  <suite started-at="2024-11-23T19:39:22 IST" name="mySuite" finished-at="2024-11-23T19:39:46 IST" duration-ms="23844">
    <groups>
    </groups>
    <test started-at="2024-11-23T19:39:22 IST" name="End To End Test" finished-at="2024-11-23T19:39:38 IST" duration-ms="16213">
      <class name="FrameworkDesign.Tests.EndtoEndTest">
        <test-method is-config="true" signature="launchApp()[pri:0, instance:FrameworkDesign.Tests.EndtoEndTest@77847718]" started-at="2024-11-23T19:39:22 IST" name="launchApp" finished-at="2024-11-23T19:39:24 IST" duration-ms="2582" status="PASS">
          <reporter-output>
          </reporter-output>
        </test-method> <!-- launchApp -->
        <test-method signature="endToEndTest()[pri:0, instance:FrameworkDesign.Tests.EndtoEndTest@77847718]" started-at="2024-11-23T19:39:24 IST" name="endToEndTest" finished-at="2024-11-23T19:39:38 IST" duration-ms="13402" status="PASS">
          <reporter-output>
          </reporter-output>
        </test-method> <!-- endToEndTest -->
        <test-method is-config="true" signature="tearDown()[pri:0, instance:FrameworkDesign.Tests.EndtoEndTest@77847718]" started-at="2024-11-23T19:39:38 IST" name="tearDown" finished-at="2024-11-23T19:39:38 IST" duration-ms="192" status="PASS">
          <reporter-output>
          </reporter-output>
        </test-method> <!-- tearDown -->
      </class> <!-- FrameworkDesign.Tests.EndtoEndTest -->
    </test> <!-- End To End Test -->
    <test started-at="2024-11-23T19:39:38 IST" name="Error Validations Test" finished-at="2024-11-23T19:39:46 IST" duration-ms="7552">
      <class name="FrameworkDesign.Tests.ErrorValidationsTest">
        <test-method is-config="true" signature="launchApp()[pri:0, instance:FrameworkDesign.Tests.ErrorValidationsTest@3754a4bf]" started-at="2024-11-23T19:39:38 IST" name="launchApp" finished-at="2024-11-23T19:39:42 IST" duration-ms="3555" status="PASS">
          <reporter-output>
          </reporter-output>
        </test-method> <!-- launchApp -->
        <test-method signature="loginErrorValidation()[pri:0, instance:FrameworkDesign.Tests.ErrorValidationsTest@3754a4bf]" started-at="2024-11-23T19:39:42 IST" name="loginErrorValidation" finished-at="2024-11-23T19:39:43 IST" duration-ms="916" status="PASS">
          <reporter-output>
          </reporter-output>
        </test-method> <!-- loginErrorValidation -->
        <test-method is-config="true" signature="tearDown()[pri:0, instance:FrameworkDesign.Tests.ErrorValidationsTest@3754a4bf]" started-at="2024-11-23T19:39:43 IST" name="tearDown" finished-at="2024-11-23T19:39:43 IST" duration-ms="134" status="PASS">
          <reporter-output>
          </reporter-output>
        </test-method> <!-- tearDown -->
        <test-method is-config="true" signature="launchApp()[pri:0, instance:FrameworkDesign.Tests.ErrorValidationsTest@3754a4bf]" started-at="2024-11-23T19:39:43 IST" name="launchApp" finished-at="2024-11-23T19:39:45 IST" duration-ms="2058" status="PASS">
          <reporter-output>
          </reporter-output>
        </test-method> <!-- launchApp -->
        <test-method signature="productErrorValidation()[pri:0, instance:FrameworkDesign.Tests.ErrorValidationsTest@3754a4bf]" started-at="2024-11-23T19:39:45 IST" name="productErrorValidation" finished-at="2024-11-23T19:39:46 IST" duration-ms="780" status="PASS">
          <reporter-output>
          </reporter-output>
        </test-method> <!-- productErrorValidation -->
        <test-method is-config="true" signature="tearDown()[pri:0, instance:FrameworkDesign.Tests.ErrorValidationsTest@3754a4bf]" started-at="2024-11-23T19:39:46 IST" name="tearDown" finished-at="2024-11-23T19:39:46 IST" duration-ms="108" status="PASS">
          <reporter-output>
          </reporter-output>
        </test-method> <!-- tearDown -->
      </class> <!-- FrameworkDesign.Tests.ErrorValidationsTest -->
    </test> <!-- Error Validations Test -->
  </suite> <!-- mySuite -->
</testng-results>
