<?xml version="1.0" encoding="UTF-8"?>
<!-- Generated by org.testng.reporters.JUnitXMLReporter -->
<testsuite ignored="0" hostname="Subhadip" failures="0" tests="4" name="TestModule2" time="0.012" errors="0" timestamp="2024-12-18T11:05:31 IST">
  <testcase classname="DependencyMethods.C3_BeforeAfterTest" name="login" time="0.001"/>
  <testcase classname="DependencyMethods.C3_BeforeAfterTest" name="logout" time="0.001"/>
  <testcase classname="DependencyMethods.C4_BeforeAfterTest" name="login" time="0.002"/>
  <testcase classname="DependencyMethods.C4_BeforeAfterTest" name="logout" time="0.0"/>
</testsuite> <!-- TestModule2 -->
