<?xml version="1.0" encoding="UTF-8"?>
<!-- Generated by org.testng.reporters.JUnitXMLReporter -->
<testsuite ignored="4" hostname="Subhadip" failures="0" tests="2" name="GroupingTestModule" time="0.052" errors="0" timestamp="2024-12-18T13:51:47 IST">
  <testcase classname="Practice.Grouping.paymentTests" name="payViaEuros" time="0.012"/>
  <testcase classname="Practice.Grouping.paymentTests" name="payViaRupees" time="0.002"/>
  <testcase classname="Practice.Grouping.loginTests" name="loginViaEmail" time="0.0">
    <ignored/>
  </testcase> <!-- loginViaEmail -->
  <testcase classname="Practice.Grouping.signupTests" name="signupViaEmail" time="0.0">
    <ignored/>
  </testcase> <!-- signupViaEmail -->
  <testcase classname="Practice.Grouping.signupTests" name="signupViaFacebook" time="0.0">
    <ignored/>
  </testcase> <!-- signupViaFacebook -->
  <testcase classname="Practice.Grouping.loginTests" name="loginViaFacebook" time="0.0">
    <ignored/>
  </testcase> <!-- loginViaFacebook -->
</testsuite> <!-- GroupingTestModule -->
