<?xml version="1.0" encoding="UTF-8"?>
<!-- Generated by org.testng.reporters.JUnitXMLReporter -->
<testsuite ignored="4" hostname="Subhadip" failures="0" tests="2" name="Test" time="0.04" errors="0" timestamp="2024-12-18T12:41:28 IST">
  <testcase classname="Grouping.PaymentTests" name="paymentInRupees" time="0.01"/>
  <testcase classname="Grouping.PaymentTests" name="paymentInDollars" time="0.001"/>
  <testcase classname="Grouping.LoginTests" name="loginViaEmail" time="0.0">
    <ignored/>
  </testcase> <!-- loginViaEmail -->
  <testcase classname="Grouping.SignupTests" name="signupViaFacebook" time="0.0">
    <ignored/>
  </testcase> <!-- signupViaFacebook -->
  <testcase classname="Grouping.SignupTests" name="signupViaEmail" time="0.0">
    <ignored/>
  </testcase> <!-- signupViaEmail -->
  <testcase classname="Grouping.LoginTests" name="loginViaFacebook" time="0.0">
    <ignored/>
  </testcase> <!-- loginViaFacebook -->
</testsuite> <!-- Test -->
