<?xml version="1.0" encoding="UTF-8"?>
<!-- Generated by org.testng.reporters.JUnitXMLReporter -->
<testsuite ignored="0" hostname="Subhadip" failures="0" tests="2" name="Error Validations Test" time="7.552" errors="0" timestamp="2024-11-23T19:39:46 IST">
  <testcase classname="FrameworkDesign.Tests.ErrorValidationsTest" name="loginErrorValidation" time="0.916"/>
  <testcase classname="FrameworkDesign.Tests.ErrorValidationsTest" name="productErrorValidation" time="0.78"/>
</testsuite> <!-- Error Validations Test -->
