<?xml version="1.0" encoding="UTF-8"?>
<!-- Generated by org.testng.reporters.JUnitXMLReporter -->
<testsuite ignored="0" hostname="Subhadip" failures="0" tests="2" name="Error Validations Test" time="10.226" errors="0" timestamp="2024-11-23T21:28:24 IST">
  <testcase classname="FrameworkDesign.Tests.ErrorValidationsTest" name="loginErrorValidation" time="0.775"/>
  <testcase classname="FrameworkDesign.Tests.ErrorValidationsTest" name="productErrorValidation" time="1.114"/>
</testsuite> <!-- Error Validations Test -->
