<?xml version="1.0" encoding="UTF-8"?>
<!-- Generated by org.testng.reporters.JUnitXMLReporter -->
<testsuite ignored="0" hostname="Subhadip" failures="0" tests="4" name="Default test" time="53.683" errors="0" timestamp="2024-11-24T20:16:51 IST">
  <testcase classname="FrameworkDesign.Tests.FunctionalTest" name="endToEndTest" time="14.311"/>
  <testcase classname="FrameworkDesign.Tests.FunctionalTest" name="endToEndTest" time="14.052"/>
  <testcase classname="FrameworkDesign.Tests.FunctionalTest" name="findProductTest" time="2.04"/>
  <testcase classname="FrameworkDesign.Tests.FunctionalTest" name="findProductTest" time="2.249"/>
</testsuite> <!-- Default test -->
