<?xml version="1.0" encoding="UTF-8"?>
<!-- Generated by org.testng.reporters.JUnitXMLReporter -->
<testsuite ignored="0" hostname="Subhadip" failures="0" tests="4" name="Default test" time="37.442" errors="0" timestamp="2024-11-24T12:51:35 IST">
  <testcase classname="FrameworkDesign.Tests.FunctionalTest" name="endToEndTest" time="13.734"/>
  <testcase classname="FrameworkDesign.Tests.FunctionalTest" name="endToEndTest" time="13.019"/>
  <testcase classname="FrameworkDesign.Tests.FunctionalTest" name="findProductTest" time="0.589"/>
  <testcase classname="FrameworkDesign.Tests.FunctionalTest" name="findProductTest" time="0.634"/>
</testsuite> <!-- Default test -->
