<?xml version="1.0" encoding="UTF-8"?>
<!-- Generated by org.testng.reporters.JUnitXMLReporter -->
<testsuite ignored="0" hostname="Subhadip" failures="7" tests="8" name="EdgeTest" time="93.314" errors="0" timestamp="2024-12-19T20:54:30 IST">
  <testcase classname="DataDrivenAndParallelExecutionCombo.LoginFeature" name="testCredential" time="11.146">
    <failure type="java.lang.AssertionError" message="null">
      <![CDATA[java.lang.AssertionError: null
at DataDrivenAndParallelExecutionCombo.LoginFeature.testCredential(LoginFeature.java:77)
at java.base/java.util.ArrayList.forEach(ArrayList.java:1597)
... Removed 27 stack frames]]>
    </failure>
  </testcase> <!-- testCredential -->
  <testcase classname="DataDrivenAndParallelExecutionCombo.LoginFeature" name="testCredential" time="11.482">
    <failure type="java.lang.AssertionError" message="null">
      <![CDATA[java.lang.AssertionError: null
at DataDrivenAndParallelExecutionCombo.LoginFeature.testCredential(LoginFeature.java:77)
at java.base/java.util.ArrayList.forEach(ArrayList.java:1597)
... Removed 27 stack frames]]>
    </failure>
  </testcase> <!-- testCredential -->
  <testcase classname="DataDrivenAndParallelExecutionCombo.LoginFeature" name="testCredential" time="11.649">
    <failure type="java.lang.AssertionError" message="null">
      <![CDATA[java.lang.AssertionError: null
at DataDrivenAndParallelExecutionCombo.LoginFeature.testCredential(LoginFeature.java:77)
at java.base/java.util.ArrayList.forEach(ArrayList.java:1597)
... Removed 27 stack frames]]>
    </failure>
  </testcase> <!-- testCredential -->
  <testcase classname="DataDrivenAndParallelExecutionCombo.LoginFeature" name="testCredential" time="11.559">
    <failure type="java.lang.AssertionError" message="null">
      <![CDATA[java.lang.AssertionError: null
at DataDrivenAndParallelExecutionCombo.LoginFeature.testCredential(LoginFeature.java:77)
at java.base/java.util.ArrayList.forEach(ArrayList.java:1597)
... Removed 27 stack frames]]>
    </failure>
  </testcase> <!-- testCredential -->
  <testcase classname="DataDrivenAndParallelExecutionCombo.LoginFeature" name="testCredential" time="5.401"/>
  <testcase classname="DataDrivenAndParallelExecutionCombo.LoginFeature" name="testCredential" time="11.342">
    <failure type="java.lang.AssertionError" message="null">
      <![CDATA[java.lang.AssertionError: null
at DataDrivenAndParallelExecutionCombo.LoginFeature.testCredential(LoginFeature.java:77)
at java.base/java.util.ArrayList.forEach(ArrayList.java:1597)
... Removed 27 stack frames]]>
    </failure>
  </testcase> <!-- testCredential -->
  <testcase classname="DataDrivenAndParallelExecutionCombo.LoginFeature" name="testCredential" time="11.634">
    <failure type="java.lang.AssertionError" message="null">
      <![CDATA[java.lang.AssertionError: null
at DataDrivenAndParallelExecutionCombo.LoginFeature.testCredential(LoginFeature.java:77)
at java.base/java.util.ArrayList.forEach(ArrayList.java:1597)
... Removed 27 stack frames]]>
    </failure>
  </testcase> <!-- testCredential -->
  <testcase classname="DataDrivenAndParallelExecutionCombo.LoginFeature" name="testCredential" time="11.511">
    <failure type="java.lang.AssertionError" message="null">
      <![CDATA[java.lang.AssertionError: null
at DataDrivenAndParallelExecutionCombo.LoginFeature.testCredential(LoginFeature.java:77)
at java.base/java.util.ArrayList.forEach(ArrayList.java:1597)
... Removed 27 stack frames]]>
    </failure>
  </testcase> <!-- testCredential -->
</testsuite> <!-- EdgeTest -->
