<?xml version="1.0" encoding="UTF-8"?>
<testng-results ignored="0" total="1" passed="1" failed="0" skipped="0">
  <reporter-output>
  </reporter-output>
  <suite started-at="2024-12-21T22:48:19 IST" name="Default suite" finished-at="2024-12-21T22:48:28 IST" duration-ms="8864">
    <groups>
    </groups>
    <test started-at="2024-12-21T22:48:19 IST" name="Default test" finished-at="2024-12-21T22:48:28 IST" duration-ms="8864">
      <class name="testCases.TC001_AccountRegistrationTest">
        <test-method is-config="true" signature="setUp()[pri:0, instance:testCases.TC001_AccountRegistrationTest@23348b5d]" started-at="2024-12-21T22:48:19 IST" name="setUp" finished-at="2024-12-21T22:48:23 IST" duration-ms="3951" status="PASS">
          <reporter-output>
          </reporter-output>
        </test-method> <!-- setUp -->
        <test-method signature="verfiy_account_registration()[pri:0, instance:testCases.TC001_AccountRegistrationTest@23348b5d]" started-at="2024-12-21T22:48:23 IST" name="verfiy_account_registration" finished-at="2024-12-21T22:48:28 IST" duration-ms="4567" status="PASS">
          <reporter-output>
          </reporter-output>
        </test-method> <!-- verfiy_account_registration -->
        <test-method is-config="true" signature="tearDown()[pri:0, instance:testCases.TC001_AccountRegistrationTest@23348b5d]" started-at="2024-12-21T22:48:28 IST" name="tearDown" finished-at="2024-12-21T22:48:28 IST" duration-ms="299" status="PASS">
          <reporter-output>
          </reporter-output>
        </test-method> <!-- tearDown -->
      </class> <!-- testCases.TC001_AccountRegistrationTest -->
    </test> <!-- Default test -->
  </suite> <!-- Default suite -->
</testng-results>
