<?xml version="1.0" encoding="UTF-8"?>
<testng-results ignored="0" total="2" passed="2" failed="0" skipped="0">
  <reporter-output>
  </reporter-output>
  <suite started-at="2024-12-11T10:16:31 IST" name="Default suite" finished-at="2024-12-11T10:16:31 IST" duration-ms="49">
    <groups>
    </groups>
    <test started-at="2024-12-11T10:16:31 IST" name="Default test" finished-at="2024-12-11T10:16:31 IST" duration-ms="49">
      <class name="BeforeAfterMethodAnnotation.BeforeAndAfterMethod">
        <test-method is-config="true" signature="login()[pri:0, instance:BeforeAfterMethodAnnotation.BeforeAndAfterMethod@35e2d654]" started-at="2024-12-11T10:16:31 IST" name="login" finished-at="2024-12-11T10:16:31 IST" duration-ms="5" status="PASS">
          <reporter-output>
          </reporter-output>
        </test-method> <!-- login -->
        <test-method signature="search()[pri:1, instance:BeforeAfterMethodAnnotation.BeforeAndAfterMethod@35e2d654]" started-at="2024-12-11T10:16:31 IST" name="search" finished-at="2024-12-11T10:16:31 IST" duration-ms="8" status="PASS">
          <reporter-output>
          </reporter-output>
        </test-method> <!-- search -->
        <test-method is-config="true" signature="logout()[pri:0, instance:BeforeAfterMethodAnnotation.BeforeAndAfterMethod@35e2d654]" started-at="2024-12-11T10:16:31 IST" name="logout" finished-at="2024-12-11T10:16:31 IST" duration-ms="1" status="PASS">
          <reporter-output>
          </reporter-output>
        </test-method> <!-- logout -->
        <test-method is-config="true" signature="login()[pri:0, instance:BeforeAfterMethodAnnotation.BeforeAndAfterMethod@35e2d654]" started-at="2024-12-11T10:16:31 IST" name="login" finished-at="2024-12-11T10:16:31 IST" duration-ms="0" status="PASS">
          <reporter-output>
          </reporter-output>
        </test-method> <!-- login -->
        <test-method signature="advSearch()[pri:2, instance:BeforeAfterMethodAnnotation.BeforeAndAfterMethod@35e2d654]" started-at="2024-12-11T10:16:31 IST" name="advSearch" finished-at="2024-12-11T10:16:31 IST" duration-ms="2" status="PASS">
          <reporter-output>
          </reporter-output>
        </test-method> <!-- advSearch -->
        <test-method is-config="true" signature="logout()[pri:0, instance:BeforeAfterMethodAnnotation.BeforeAndAfterMethod@35e2d654]" started-at="2024-12-11T10:16:31 IST" name="logout" finished-at="2024-12-11T10:16:31 IST" duration-ms="1" status="PASS">
          <reporter-output>
          </reporter-output>
        </test-method> <!-- logout -->
      </class> <!-- BeforeAfterMethodAnnotation.BeforeAndAfterMethod -->
    </test> <!-- Default test -->
  </suite> <!-- Default suite -->
</testng-results>
