<?xml version="1.0" encoding="UTF-8"?>
<testng-results ignored="0" total="1" passed="1" failed="0" skipped="0">
  <reporter-output>
  </reporter-output>
  <suite started-at="2024-12-24T16:27:46 IST" name="ListenerSuite" finished-at="2024-12-24T16:27:56 IST" duration-ms="10096">
    <groups>
    </groups>
    <test started-at="2024-12-24T16:27:46 IST" name="Test1" finished-at="2024-12-24T16:27:56 IST" duration-ms="10096">
      <class name="ExtentReports.LoginTest">
        <test-method is-config="true" signature="setUp()[pri:0, instance:ExtentReports.LoginTest@76505305]" started-at="2024-12-24T16:27:46 IST" name="setUp" finished-at="2024-12-24T16:27:52 IST" duration-ms="6406" status="PASS">
          <reporter-output>
          </reporter-output>
        </test-method> <!-- setUp -->
        <test-method signature="validate_loginTest()[pri:0, instance:ExtentReports.LoginTest@76505305]" started-at="2024-12-24T16:27:52 IST" name="validate_loginTest" finished-at="2024-12-24T16:27:55 IST" duration-ms="3083" status="PASS">
          <reporter-output>
          </reporter-output>
        </test-method> <!-- validate_loginTest -->
        <test-method is-config="true" signature="tearDown()[pri:0, instance:ExtentReports.LoginTest@76505305]" started-at="2024-12-24T16:27:55 IST" name="tearDown" finished-at="2024-12-24T16:27:56 IST" duration-ms="309" status="PASS">
          <reporter-output>
          </reporter-output>
        </test-method> <!-- tearDown -->
      </class> <!-- ExtentReports.LoginTest -->
    </test> <!-- Test1 -->
  </suite> <!-- ListenerSuite -->
</testng-results>
