<?xml version="1.0" encoding="UTF-8"?>
<!-- Generated by org.testng.reporters.JUnitXMLReporter -->
<testsuite ignored="0" hostname="Subhadip" failures="0" tests="3" name="Default test" time="0.108" errors="0" timestamp="2025-04-17T10:10:17 IST">
  <testcase classname="TestCases.Testcase1" name="testCase1_JSONData" time="0.008"/>
  <testcase classname="TestCases.Testcase1" name="testCase1_JSONData" time="0.001"/>
  <testcase classname="TestCases.Testcase1" name="testCase1_JSONData" time="0.001"/>
</testsuite> <!-- Default test -->
