<?xml version="1.0" encoding="UTF-8"?>
<!-- Generated by org.testng.reporters.JUnitXMLReporter -->
<testsuite ignored="0" hostname="Subhadip" failures="0" tests="4" name="Test Module 2" time="0.033" errors="0" timestamp="2024-11-17T12:55:12 IST">
  <testcase classname="annotations_2.combinedAnnotations.Class3" name="fun5" time="0.002"/>
  <testcase classname="annotations_2.combinedAnnotations.Class3" name="fun6" time="0.001"/>
  <testcase classname="annotations_2.combinedAnnotations.Class4" name="fun7" time="0.001"/>
  <testcase classname="annotations_2.combinedAnnotations.Class4" name="fun8" time="0.013"/>
</testsuite> <!-- Test Module 2 -->
