<?xml version="1.0" encoding="UTF-8"?>
<!-- Generated by org.testng.reporters.JUnitXMLReporter -->
<testsuite ignored="0" hostname="Subhadip" failures="0" tests="4" name="Test" time="13.805" errors="0" timestamp="2024-11-16T23:18:19 IST">
  <testcase classname="testNGBasics_1.SeleniumTestNGCompilation" name="openApplication" time="8.164"/>
  <testcase classname="testNGBasics_1.SeleniumTestNGCompilation" name="checkLogo" time="1.354"/>
  <testcase classname="testNGBasics_1.SeleniumTestNGCompilation" name="login" time="1.77"/>
  <testcase classname="testNGBasics_1.SeleniumTestNGCompilation" name="logout" time="2.459"/>
</testsuite> <!-- Test -->
