<?xml version="1.0" encoding="UTF-8"?>
<!-- Generated by org.testng.reporters.JUnitXMLReporter -->
<testsuite ignored="0" hostname="Subhadip" failures="0" tests="4" name="Test Module 1" time="0.039" errors="0" timestamp="2024-11-17T12:30:16 IST">
  <testcase classname="annotations_2.combinedAnnotations.Class1" name="fun1" time="0.006"/>
  <testcase classname="annotations_2.combinedAnnotations.Class1" name="fun2" time="0.001"/>
  <testcase classname="annotations_2.combinedAnnotations.Class2" name="fun3" time="0.001"/>
  <testcase classname="annotations_2.combinedAnnotations.Class2" name="fun4" time="0.001"/>
</testsuite> <!-- Test Module 1 -->
