<?xml version="1.0" encoding="UTF-8"?>
<!-- Generated by org.testng.reporters.JUnitXMLReporter -->
<testsuite ignored="0" hostname="Subhadip" failures="0" tests="4" name="Test" time="0.056" errors="0" timestamp="2024-11-17T11:42:06 IST">
  <testcase classname="annotations_2.before_after_test.Class1" name="fun1" time="0.008"/>
  <testcase classname="annotations_2.before_after_test.Class1" name="fun2" time="0.001"/>
  <testcase classname="annotations_2.before_after_test.Class2" name="fun3" time="0.001"/>
  <testcase classname="annotations_2.before_after_test.Class2" name="fun4" time="0.002"/>
</testsuite> <!-- Test -->
