<?xml version="1.0" encoding="UTF-8"?>
<!-- Generated by org.testng.reporters.JUnitXMLReporter -->
<testsuite ignored="0" hostname="Subhadip" failures="0" tests="4" name="Default test" time="0.565" errors="0" timestamp="2025-04-17T10:56:18 IST">
  <testcase classname="TestCases.TestCase1" name="getTestData" time="0.008"/>
  <testcase classname="TestCases.TestCase1" name="getTestData" time="0.002"/>
  <testcase classname="TestCases.TestCase1" name="getTestData" time="0.001"/>
  <testcase classname="TestCases.TestCase1" name="getTestData" time="0.001"/>
</testsuite> <!-- Default test -->
