<?xml version="1.0" encoding="UTF-8"?>
<!-- Generated by org.testng.reporters.JUnitXMLReporter -->
<testsuite ignored="0" hostname="Subhadip" failures="0" tests="4" name="TestModule1" time="0.076" errors="0" timestamp="2024-12-18T13:07:10 IST">
  <testcase classname="Practice.C11" name="@BeforeTest bt" time="0.011">
    <failure type="java.lang.AssertionError" message="expected [true] but found [false]">
      <![CDATA[java.lang.AssertionError: expected [true] but found [false]
at Practice.C11.bt(C11.java:24)
... Removed 26 stack frames]]>
    </failure>
  </testcase> <!-- @BeforeTest bt -->
  <testcase classname="Practice.C22" name="@AfterTest at" time="-1.734507430706E9">
    <skipped/>
  </testcase> <!-- @AfterTest at -->
  <testcase classname="Practice.C11" name="login" time="0.0">
    <skipped/>
  </testcase> <!-- login -->
  <testcase classname="Practice.C11" name="logout" time="0.0">
    <skipped/>
  </testcase> <!-- logout -->
  <testcase classname="Practice.C22" name="login" time="0.0">
    <skipped/>
  </testcase> <!-- login -->
  <testcase classname="Practice.C22" name="logout" time="0.0">
    <skipped/>
  </testcase> <!-- logout -->
</testsuite> <!-- TestModule1 -->
