<?xml version="1.0" encoding="UTF-8"?>
<!-- Generated by org.testng.reporters.JUnitXMLReporter -->
<testsuite ignored="0" hostname="Subhadip" failures="0" tests="4" name="TestModule2" time="0.016" errors="0" timestamp="2024-12-18T13:07:10 IST">
  <testcase classname="Practice.C33" name="login" time="0.002"/>
  <testcase classname="Practice.C33" name="logout" time="0.002"/>
  <testcase classname="Practice.C44" name="login" time="0.001"/>
  <testcase classname="Practice.C44" name="logout" time="0.0"/>
</testsuite> <!-- TestModule2 -->
