<?xml version="1.0" encoding="UTF-8"?>
<!-- Generated by org.testng.reporters.JUnitXMLReporter -->
<testsuite ignored="1" hostname="Subhadip" failures="0" tests="2" name="Functional Test" time="34.81" errors="0" timestamp="2024-11-24T19:05:42 IST">
  <testcase classname="FrameworkDesign.Tests.FunctionalTest" name="endToEndTest" time="13.453"/>
  <testcase classname="FrameworkDesign.Tests.FunctionalTest" name="endToEndTest" time="13.338"/>
  <testcase classname="FrameworkDesign.Tests.FunctionalTest" name="findProductTest" time="0.0">
    <ignored/>
  </testcase> <!-- findProductTest -->
</testsuite> <!-- Functional Test -->
